
(lxappearance:546094): GLib-CRITICAL **: 18:45:34.861: g_utf8_collate: assertion 'str1 != NULL' failed

(lxappearance:546094): GLib-CRITICAL **: 18:45:34.862: g_utf8_collate: assertion 'str2 != NULL' failed
time="2024-10-18T18:46:38+02:00" level=info msg="/home/lynder063/.config/nwg-look/config file not found, creating"
time="2024-10-18T18:46:38+02:00" level=info msg="lang: en_US"
time="2024-10-18T18:46:38+02:00" level=info msg=">>> Loading basic lang from '/usr/share/nwg-look/langs/en_US.json'"
time="2024-10-18T18:46:38+02:00" level=info msg=">>> Parsing original /home/lynder063/.config/gtk-3.0/settings.ini"
time="2024-10-18T18:46:38+02:00" level=info msg=">>> Reading gsettings"
time="2024-10-18T18:46:38+02:00" level=info msg="gtk-theme: Adwaita"
time="2024-10-18T18:46:38+02:00" level=info msg="icon-theme: Adwaita"
time="2024-10-18T18:46:38+02:00" level=info msg="font-name: Cantarell 11"
time="2024-10-18T18:46:38+02:00" level=info msg="cursor-theme: Adwaita"
time="2024-10-18T18:46:38+02:00" level=info msg="cursor-size: 24"
time="2024-10-18T18:46:38+02:00" level=info msg="toolbar-style: both-horiz"
time="2024-10-18T18:46:38+02:00" level=info msg="toolbar-icons-size: large"
time="2024-10-18T18:46:38+02:00" level=info msg="font-hinting: slight"
time="2024-10-18T18:46:38+02:00" level=info msg="font-antialiasing: grayscale"
time="2024-10-18T18:46:38+02:00" level=info msg="font-rgba-order: rgb"
time="2024-10-18T18:46:38+02:00" level=info msg="text-scaling-factor: 1"
time="2024-10-18T18:46:38+02:00" level=info msg="color-scheme: default"
time="2024-10-18T18:46:38+02:00" level=info msg="event-sounds: true"
time="2024-10-18T18:46:38+02:00" level=info msg="input-feedback-sounds: false"
time="2024-10-18T18:46:41+02:00" level=info msg=">>> Applying gsettings"
time="2024-10-18T18:46:41+02:00" level=info msg=">> org.gnome.desktop.interface"
time="2024-10-18T18:46:41+02:00" level=info msg="gtk-theme: catppuccin-mocha-blue-standard+default OK"
time="2024-10-18T18:46:41+02:00" level=info msg="icon-theme: Adwaita OK"
time="2024-10-18T18:46:41+02:00" level=info msg="cursor-theme: Adwaita OK"
time="2024-10-18T18:46:41+02:00" level=info msg="cursor-size: 24 OK"
time="2024-10-18T18:46:41+02:00" level=info msg="font-name: Cantarell 11 OK"
time="2024-10-18T18:46:41+02:00" level=info msg="font-hinting: slight OK"
time="2024-10-18T18:46:41+02:00" level=info msg="font-antialiasing: grayscale OK"
time="2024-10-18T18:46:41+02:00" level=info msg="font-rgba-order: rgb OK"
time="2024-10-18T18:46:41+02:00" level=info msg="text-scaling-factor: 1 OK"
time="2024-10-18T18:46:41+02:00" level=info msg="toolbar-style: both-horiz OK"
time="2024-10-18T18:46:41+02:00" level=info msg="toolbar-icons-size: large OK"
time="2024-10-18T18:46:41+02:00" level=info msg="color-scheme: default OK"
time="2024-10-18T18:46:41+02:00" level=info msg=">> org.gnome.desktop.sound"
time="2024-10-18T18:46:41+02:00" level=info msg="event-sounds: true OK"
time="2024-10-18T18:46:41+02:00" level=info msg="input-feedback-sounds: false OK"
time="2024-10-18T18:46:41+02:00" level=info msg=">>> Backing up gsettings to /home/lynder063/.local/share/nwg-look"
time="2024-10-18T18:46:41+02:00" level=info msg=">>> Exporting /home/lynder063/.config/gtk-3.0/settings.ini"
time="2024-10-18T18:46:41+02:00" level=info msg=">>> Exporting /home/lynder063/.gtkrc-2.0"
time="2024-10-18T18:46:41+02:00" level=warning msg="Couldn't find icons folder"
time="2024-10-18T18:46:41+02:00" level=info msg=">>> Exporting /home/lynder063/.config/xsettingsd/xsettingsd.conf"
time="2024-10-18T18:46:44+02:00" level=warning msg="Couldn't create image from '/tmp/nwg-look-cursors/h_double_arrow_000.png'"
time="2024-10-18T18:46:46+02:00" level=info msg=">>> Applying gsettings"
time="2024-10-18T18:46:46+02:00" level=info msg=">> org.gnome.desktop.interface"
time="2024-10-18T18:46:47+02:00" level=info msg="gtk-theme: catppuccin-mocha-blue-standard+default OK"
time="2024-10-18T18:46:47+02:00" level=info msg="icon-theme: Tela-circle-purple OK"
time="2024-10-18T18:46:47+02:00" level=info msg="cursor-theme: Adwaita OK"
time="2024-10-18T18:46:47+02:00" level=info msg="cursor-size: 24 OK"
time="2024-10-18T18:46:47+02:00" level=info msg="font-name: Cantarell 11 OK"
time="2024-10-18T18:46:47+02:00" level=info msg="font-hinting: slight OK"
time="2024-10-18T18:46:47+02:00" level=info msg="font-antialiasing: grayscale OK"
time="2024-10-18T18:46:47+02:00" level=info msg="font-rgba-order: rgb OK"
time="2024-10-18T18:46:47+02:00" level=info msg="text-scaling-factor: 1 OK"
time="2024-10-18T18:46:47+02:00" level=info msg="toolbar-style: both-horiz OK"
time="2024-10-18T18:46:47+02:00" level=info msg="toolbar-icons-size: large OK"
time="2024-10-18T18:46:47+02:00" level=info msg="color-scheme: default OK"
time="2024-10-18T18:46:47+02:00" level=info msg=">> org.gnome.desktop.sound"
time="2024-10-18T18:46:47+02:00" level=info msg="event-sounds: true OK"
time="2024-10-18T18:46:47+02:00" level=info msg="input-feedback-sounds: false OK"
time="2024-10-18T18:46:47+02:00" level=info msg=">>> Backing up gsettings to /home/lynder063/.local/share/nwg-look"
time="2024-10-18T18:46:47+02:00" level=info msg=">>> Exporting /home/lynder063/.config/gtk-3.0/settings.ini"
time="2024-10-18T18:46:47+02:00" level=info msg=">>> Exporting /home/lynder063/.gtkrc-2.0"
time="2024-10-18T18:46:47+02:00" level=warning msg="Couldn't find icons folder"
time="2024-10-18T18:46:47+02:00" level=info msg=">>> Exporting /home/lynder063/.config/xsettingsd/xsettingsd.conf"
